#
# There is insufficient memory for the Java Runtime Environment to continue.
# Native memory allocation (malloc) failed to allocate 32744 bytes for ChunkPool::allocate
# Possible reasons:
#   The system is out of physical RAM or swap space
#   The process is running with CompressedOops enabled, and the Java Heap may be blocking the growth of the native heap
# Possible solutions:
#   Reduce memory load on the system
#   Increase physical memory or swap space
#   Check if swap backing store is full
#   Decrease Java heap size (-Xmx/-Xms)
#   Decrease number of Java threads
#   Decrease Java thread stack sizes (-Xss)
#   Set larger code cache with -XX:ReservedCodeCacheSize=
#   JVM is running with Zero Based Compressed Oops mode in which the Java heap is
#     placed in the first 32GB address space. The Java Heap base address is the
#     maximum limit for the native heap growth. Please use -XX:HeapBaseMinAddress
#     to set the Java Heap base and to place the Java Heap above 32GB virtual address.
# This output file may be truncated or incomplete.
#
#  Out of Memory Error (allocation.cpp:272), pid=25892, tid=0x0000000000007da8
#
# JRE version: Java(TM) SE Runtime Environment (8.0_251-b08) (build 1.8.0_251-b08)
# Java VM: Java HotSpot(TM) 64-Bit Server VM (25.251-b08 mixed mode windows-amd64 compressed oops)
# Failed to write core dump. Minidumps are not enabled by default on client versions of Windows
#

---------------  T H R E A D  ---------------

Current thread (0x000000001e7f7000):  JavaThread "C1 CompilerThread3" daemon [_thread_in_native, id=32168, stack(0x0000000020130000,0x0000000020230000)]

Stack: [0x0000000020130000,0x0000000020230000]
[error occurred during error reporting (printing stack bounds), id 0xc0000005]

Native frames: (J=compiled Java code, j=interpreted, Vv=VM code, C=native code)


Current CompileTask:
C1:  21117 6146       3       org.unbescape.html.HtmlEscapeSymbols::<init> (637 bytes)


---------------  P R O C E S S  ---------------

Java Threads: ( => current thread )
  0x0000000026337800 JavaThread "DestroyJavaVM" [_thread_blocked, id=33072, stack(0x0000000003340000,0x0000000003440000)]
  0x000000002633e000 JavaThread "http-nio-8080-Acceptor" daemon [_thread_in_native, id=32412, stack(0x000000002e9a0000,0x000000002eaa0000)]
  0x000000002633b000 JavaThread "http-nio-8080-ClientPoller" daemon [_thread_in_native, id=20868, stack(0x000000002e8a0000,0x000000002e9a0000)]
  0x000000002633a800 JavaThread "http-nio-8080-exec-10" daemon [_thread_blocked, id=19488, stack(0x000000002e7a0000,0x000000002e8a0000)]
  0x0000000026339800 JavaThread "http-nio-8080-exec-9" daemon [_thread_blocked, id=3176, stack(0x000000002e6a0000,0x000000002e7a0000)]
  0x0000000026339000 JavaThread "http-nio-8080-exec-8" daemon [_thread_blocked, id=18476, stack(0x000000002e5a0000,0x000000002e6a0000)]
  0x000000002633d800 JavaThread "http-nio-8080-exec-7" daemon [_thread_blocked, id=31148, stack(0x000000002e4a0000,0x000000002e5a0000)]
  0x000000002633c000 JavaThread "http-nio-8080-exec-6" daemon [_thread_blocked, id=15372, stack(0x000000002d3a0000,0x000000002d4a0000)]
  0x000000002633c800 JavaThread "http-nio-8080-exec-5" daemon [_thread_blocked, id=32964, stack(0x000000002d2a0000,0x000000002d3a0000)]
  0x0000000026a59000 JavaThread "http-nio-8080-exec-4" daemon [_thread_blocked, id=32532, stack(0x000000002bf00000,0x000000002c000000)]
  0x0000000026a57000 JavaThread "http-nio-8080-exec-3" daemon [_thread_blocked, id=11252, stack(0x000000002ab40000,0x000000002ac40000)]
  0x0000000026a53000 JavaThread "http-nio-8080-exec-2" daemon [_thread_blocked, id=28772, stack(0x000000002a820000,0x000000002a920000)]
  0x0000000026a54000 JavaThread "http-nio-8080-exec-1" daemon [_thread_in_Java, id=16860, stack(0x000000002a720000,0x000000002a820000)]
  0x0000000026a58800 JavaThread "http-nio-8080-BlockPoller" daemon [_thread_in_native, id=5716, stack(0x000000002a620000,0x000000002a720000)]
  0x0000000026a55800 JavaThread "File Watcher" daemon [_thread_blocked, id=6596, stack(0x000000002a0d0000,0x000000002a1d0000)]
  0x0000000026a5a000 JavaThread "HikariPool-1 housekeeper" daemon [_thread_blocked, id=26628, stack(0x0000000028300000,0x0000000028400000)]
  0x0000000026a56000 JavaThread "mssql-jdbc-shared-timer-core-0" daemon [_thread_blocked, id=6856, stack(0x0000000028200000,0x0000000028300000)]
  0x00000000235bd800 JavaThread "container-0" [_thread_blocked, id=36592, stack(0x0000000027880000,0x0000000027980000)]
  0x00000000218d7000 JavaThread "Catalina-utility-2" [_thread_blocked, id=25064, stack(0x0000000022b90000,0x0000000022c90000)]
  0x00000000235ab000 JavaThread "Catalina-utility-1" [_thread_blocked, id=29452, stack(0x0000000021d40000,0x0000000021e40000)]
  0x000000001e895000 JavaThread "Service Thread" daemon [_thread_blocked, id=32048, stack(0x0000000020230000,0x0000000020330000)]
=>0x000000001e7f7000 JavaThread "C1 CompilerThread3" daemon [_thread_in_native, id=32168, stack(0x0000000020130000,0x0000000020230000)]
  0x000000001e7f5800 JavaThread "C2 CompilerThread2" daemon [_thread_in_native, id=1300, stack(0x0000000020030000,0x0000000020130000)]
  0x000000001e7ed000 JavaThread "C2 CompilerThread1" daemon [_thread_in_native, id=28224, stack(0x000000001ff30000,0x0000000020030000)]
  0x000000001e7e7800 JavaThread "C2 CompilerThread0" daemon [_thread_in_native, id=36384, stack(0x000000001fe30000,0x000000001ff30000)]
  0x000000001e7e5800 JavaThread "Attach Listener" daemon [_thread_blocked, id=36636, stack(0x000000001fd30000,0x000000001fe30000)]
  0x000000001e7e4800 JavaThread "Signal Dispatcher" daemon [_thread_blocked, id=18148, stack(0x000000001fc30000,0x000000001fd30000)]
  0x000000001d105000 JavaThread "Finalizer" daemon [_thread_blocked, id=1528, stack(0x000000001fa30000,0x000000001fb30000)]
  0x000000001e7d3000 JavaThread "Reference Handler" daemon [_thread_blocked, id=22712, stack(0x000000001f930000,0x000000001fa30000)]

Other Threads:
  0x000000000353c800 VMThread [stack: 0x000000001f830000,0x000000001f930000] [id=31356]
  0x000000001e8ab000 WatcherThread [stack: 0x0000000020330000,0x0000000020430000] [id=32264]

VM state:not at safepoint (normal execution)

VM Mutex/Monitor currently owned by a thread: None

heap address: 0x00000006c2400000, size: 4060 MB, Compressed Oops mode: Zero based, Oop shift amount: 3
Narrow klass base: 0x0000000000000000, Narrow klass shift: 3
Compressed class space size: 1073741824 Address: 0x00000007c0000000

Heap:
 PSYoungGen      total 218624K, used 152688K [0x000000076b700000, 0x0000000780080000, 0x00000007c0000000)
  eden space 204288K, 74% used [0x000000076b700000,0x0000000774c1c120,0x0000000777e80000)
  from space 14336K, 0% used [0x0000000777e80000,0x0000000777e80000,0x0000000778c80000)
  to   space 21504K, 0% used [0x000000077eb80000,0x000000077eb80000,0x0000000780080000)
 ParOldGen       total 151552K, used 35777K [0x00000006c2400000, 0x00000006cb800000, 0x000000076b700000)
  object space 151552K, 23% used [0x00000006c2400000,0x00000006c46f0428,0x00000006cb800000)
 Metaspace       used 64800K, capacity 68494K, committed 68824K, reserved 1107968K
  class space    used 8731K, capacity 9351K, committed 9472K, reserved 1048576K

Card table byte_map: [0x0000000012900000,0x00000000130f0000] byte_map_base: 0x000000000f2ee000

Marking Bits: (ParMarkBitMap*) 0x0000000066caaf90
 Begin Bits: [0x0000000014040000, 0x0000000017fb0000)
 End Bits:   [0x0000000017fb0000, 0x000000001bf20000)

Polling page: 0x00000000013e0000

CodeCache: size=245760Kb used=17252Kb max_used=17943Kb free=228507Kb
 bounds [0x0000000003540000, 0x00000000046f0000, 0x0000000012540000]
 total_blobs=5854 nmethods=5260 adapters=505
 compilation: enabled

Compilation events (10 events):
Event: 21.059 Thread 0x000000001e7f7000 nmethod 6139 0x00000000036af9d0 code [0x00000000036afb40, 0x00000000036afe08]
Event: 21.059 Thread 0x000000001e7f7000 6138       2       org.unbescape.html.HtmlEscapeSymbols$Reference::<init> (7 bytes)
Event: 21.059 Thread 0x000000001e7f7000 nmethod 6138 0x00000000039b1410 code [0x00000000039b1580, 0x00000000039b1848]
Event: 21.060 Thread 0x000000001e7f7000 6140       2       java.util.TimSort::mergeAt (358 bytes)
Event: 21.061 Thread 0x000000001e7f7000 nmethod 6140 0x0000000003bc4f50 code [0x0000000003bc5100, 0x0000000003bc5518]
Event: 21.072 Thread 0x000000001e7f7000 6141       2       java.util.TimSort::mergeHi (732 bytes)
Event: 21.075 Thread 0x000000001e7f7000 nmethod 6141 0x00000000037a02d0 code [0x00000000037a0560, 0x00000000037a1cb8]
Event: 21.105 Thread 0x000000001e7f7000 6145 %     3       org.unbescape.html.HtmlEscapeSymbols::<init> @ 366 (637 bytes)
Event: 21.112 Thread 0x000000001e7f7000 nmethod 6145% 0x00000000040e9150 code [0x00000000040e9780, 0x00000000040eda38]
Event: 21.112 Thread 0x000000001e7f7000 6146       3       org.unbescape.html.HtmlEscapeSymbols::<init> (637 bytes)

GC Heap History (10 events):
Event: 3.450 GC heap before
{Heap before GC invocations=6 (full 1):
 PSYoungGen      total 140800K, used 130048K [0x000000076b700000, 0x0000000774b00000, 0x00000007c0000000)
  eden space 130048K, 100% used [0x000000076b700000,0x0000000773600000,0x0000000773600000)
  from space 10752K, 0% used [0x0000000774080000,0x0000000774080000,0x0000000774b00000)
  to   space 10752K, 0% used [0x0000000773600000,0x0000000773600000,0x0000000774080000)
 ParOldGen       total 95744K, used 6453K [0x00000006c2400000, 0x00000006c8180000, 0x000000076b700000)
  object space 95744K, 6% used [0x00000006c2400000,0x00000006c2a4d628,0x00000006c8180000)
 Metaspace       used 28735K, capacity 30696K, committed 30848K, reserved 1075200K
  class space    used 3752K, capacity 4102K, committed 4224K, reserved 1048576K
Event: 3.459 GC heap after
Heap after GC invocations=6 (full 1):
 PSYoungGen      total 140800K, used 10743K [0x000000076b700000, 0x0000000779a00000, 0x00000007c0000000)
  eden space 130048K, 0% used [0x000000076b700000,0x000000076b700000,0x0000000773600000)
  from space 10752K, 99% used [0x0000000773600000,0x000000077407df70,0x0000000774080000)
  to   space 13824K, 0% used [0x0000000778c80000,0x0000000778c80000,0x0000000779a00000)
 ParOldGen       total 95744K, used 8402K [0x00000006c2400000, 0x00000006c8180000, 0x000000076b700000)
  object space 95744K, 8% used [0x00000006c2400000,0x00000006c2c34960,0x00000006c8180000)
 Metaspace       used 28735K, capacity 30696K, committed 30848K, reserved 1075200K
  class space    used 3752K, capacity 4102K, committed 4224K, reserved 1048576K
}
Event: 4.064 GC heap before
{Heap before GC invocations=7 (full 1):
 PSYoungGen      total 140800K, used 130790K [0x000000076b700000, 0x0000000779a00000, 0x00000007c0000000)
  eden space 130048K, 92% used [0x000000076b700000,0x0000000772c3baa0,0x0000000773600000)
  from space 10752K, 99% used [0x0000000773600000,0x000000077407df70,0x0000000774080000)
  to   space 13824K, 0% used [0x0000000778c80000,0x0000000778c80000,0x0000000779a00000)
 ParOldGen       total 95744K, used 8402K [0x00000006c2400000, 0x00000006c8180000, 0x000000076b700000)
  object space 95744K, 8% used [0x00000006c2400000,0x00000006c2c34960,0x00000006c8180000)
 Metaspace       used 33237K, capacity 35328K, committed 35416K, reserved 1079296K
  class space    used 4292K, capacity 4672K, committed 4736K, reserved 1048576K
Event: 4.077 GC heap after
Heap after GC invocations=7 (full 1):
 PSYoungGen      total 218112K, used 10786K [0x000000076b700000, 0x0000000779b00000, 0x00000007c0000000)
  eden space 204288K, 0% used [0x000000076b700000,0x000000076b700000,0x0000000777e80000)
  from space 13824K, 78% used [0x0000000778c80000,0x0000000779708850,0x0000000779a00000)
  to   space 14336K, 0% used [0x0000000777e80000,0x0000000777e80000,0x0000000778c80000)
 ParOldGen       total 95744K, used 8410K [0x00000006c2400000, 0x00000006c8180000, 0x000000076b700000)
  object space 95744K, 8% used [0x00000006c2400000,0x00000006c2c36960,0x00000006c8180000)
 Metaspace       used 33237K, capacity 35328K, committed 35416K, reserved 1079296K
  class space    used 4292K, capacity 4672K, committed 4736K, reserved 1048576K
}
Event: 4.077 GC heap before
{Heap before GC invocations=8 (full 2):
 PSYoungGen      total 218112K, used 10786K [0x000000076b700000, 0x0000000779b00000, 0x00000007c0000000)
  eden space 204288K, 0% used [0x000000076b700000,0x000000076b700000,0x0000000777e80000)
  from space 13824K, 78% used [0x0000000778c80000,0x0000000779708850,0x0000000779a00000)
  to   space 14336K, 0% used [0x0000000777e80000,0x0000000777e80000,0x0000000778c80000)
 ParOldGen       total 95744K, used 8410K [0x00000006c2400000, 0x00000006c8180000, 0x000000076b700000)
  object space 95744K, 8% used [0x00000006c2400000,0x00000006c2c36960,0x00000006c8180000)
 Metaspace       used 33237K, capacity 35328K, committed 35416K, reserved 1079296K
  class space    used 4292K, capacity 4672K, committed 4736K, reserved 1048576K
Event: 4.151 GC heap after
Heap after GC invocations=8 (full 2):
 PSYoungGen      total 218112K, used 0K [0x000000076b700000, 0x0000000779b00000, 0x00000007c0000000)
  eden space 204288K, 0% used [0x000000076b700000,0x000000076b700000,0x0000000777e80000)
  from space 13824K, 0% used [0x0000000778c80000,0x0000000778c80000,0x0000000779a00000)
  to   space 14336K, 0% used [0x0000000777e80000,0x0000000777e80000,0x0000000778c80000)
 ParOldGen       total 151552K, used 15520K [0x00000006c2400000, 0x00000006cb800000, 0x000000076b700000)
  object space 151552K, 10% used [0x00000006c2400000,0x00000006c33283e0,0x00000006cb800000)
 Metaspace       used 33237K, capacity 35328K, committed 35416K, reserved 1079296K
  class space    used 4292K, capacity 4672K, committed 4736K, reserved 1048576K
}
Event: 7.815 GC heap before
{Heap before GC invocations=9 (full 2):
 PSYoungGen      total 218112K, used 190632K [0x000000076b700000, 0x0000000779b00000, 0x00000007c0000000)
  eden space 204288K, 93% used [0x000000076b700000,0x000000077712a3a8,0x0000000777e80000)
  from space 13824K, 0% used [0x0000000778c80000,0x0000000778c80000,0x0000000779a00000)
  to   space 14336K, 0% used [0x0000000777e80000,0x0000000777e80000,0x0000000778c80000)
 ParOldGen       total 151552K, used 15520K [0x00000006c2400000, 0x00000006cb800000, 0x000000076b700000)
  object space 151552K, 10% used [0x00000006c2400000,0x00000006c33283e0,0x00000006cb800000)
 Metaspace       used 55811K, capacity 58868K, committed 58968K, reserved 1099776K
  class space    used 7463K, capacity 7980K, committed 8064K, reserved 1048576K
Event: 7.837 GC heap after
Heap after GC invocations=9 (full 2):
 PSYoungGen      total 218624K, used 14311K [0x000000076b700000, 0x0000000780080000, 0x00000007c0000000)
  eden space 204288K, 0% used [0x000000076b700000,0x000000076b700000,0x0000000777e80000)
  from space 14336K, 99% used [0x0000000777e80000,0x0000000778c79dd0,0x0000000778c80000)
  to   space 21504K, 0% used [0x000000077eb80000,0x000000077eb80000,0x0000000780080000)
 ParOldGen       total 151552K, used 25918K [0x00000006c2400000, 0x00000006cb800000, 0x000000076b700000)
  object space 151552K, 17% used [0x00000006c2400000,0x00000006c3d4f8d0,0x00000006cb800000)
 Metaspace       used 55811K, capacity 58868K, committed 58968K, reserved 1099776K
  class space    used 7463K, capacity 7980K, committed 8064K, reserved 1048576K
}
Event: 7.837 GC heap before
{Heap before GC invocations=10 (full 3):
 PSYoungGen      total 218624K, used 14311K [0x000000076b700000, 0x0000000780080000, 0x00000007c0000000)
  eden space 204288K, 0% used [0x000000076b700000,0x000000076b700000,0x0000000777e80000)
  from space 14336K, 99% used [0x0000000777e80000,0x0000000778c79dd0,0x0000000778c80000)
  to   space 21504K, 0% used [0x000000077eb80000,0x000000077eb80000,0x0000000780080000)
 ParOldGen       total 151552K, used 25918K [0x00000006c2400000, 0x00000006cb800000, 0x000000076b700000)
  object space 151552K, 17% used [0x00000006c2400000,0x00000006c3d4f8d0,0x00000006cb800000)
 Metaspace       used 55811K, capacity 58868K, committed 58968K, reserved 1099776K
  class space    used 7463K, capacity 7980K, committed 8064K, reserved 1048576K
Event: 8.057 GC heap after
Heap after GC invocations=10 (full 3):
 PSYoungGen      total 218624K, used 0K [0x000000076b700000, 0x0000000780080000, 0x00000007c0000000)
  eden space 204288K, 0% used [0x000000076b700000,0x000000076b700000,0x0000000777e80000)
  from space 14336K, 0% used [0x0000000777e80000,0x0000000777e80000,0x0000000778c80000)
  to   space 21504K, 0% used [0x000000077eb80000,0x000000077eb80000,0x0000000780080000)
 ParOldGen       total 151552K, used 35777K [0x00000006c2400000, 0x00000006cb800000, 0x000000076b700000)
  object space 151552K, 23% used [0x00000006c2400000,0x00000006c46f0428,0x00000006cb800000)
 Metaspace       used 55811K, capacity 58868K, committed 58968K, reserved 1099776K
  class space    used 7463K, capacity 7980K, committed 8064K, reserved 1048576K
}

Deoptimization events (10 events):
Event: 8.897 Thread 0x0000000021356000 Uncommon trap: reason=unstable_if action=reinterpret pc=0x0000000003f36bf0 method=java.lang.invoke.MethodType.checkPtypes([Ljava/lang/Class;)I @ 40
Event: 8.950 Thread 0x0000000021356000 Uncommon trap: reason=class_check action=maybe_recompile pc=0x0000000003d24518 method=org.springframework.core.SerializableTypeWrapper.unwrap(Ljava/lang/reflect/Type;)Ljava/lang/reflect/Type; @ 18
Event: 8.989 Thread 0x0000000021356000 Uncommon trap: reason=unstable_if action=reinterpret pc=0x0000000004586cf4 method=org.springframework.core.annotation.TypeMappedAnnotations$MergedAnnotationFinder.process(Ljava/lang/Object;ILjava/lang/Object;Ljava/lang/annotation/Annotation;)Lorg/springfr
Event: 9.155 Thread 0x0000000021356000 Uncommon trap: reason=class_check action=maybe_recompile pc=0x0000000003d24518 method=org.springframework.core.SerializableTypeWrapper.unwrap(Ljava/lang/reflect/Type;)Ljava/lang/reflect/Type; @ 18
Event: 9.157 Thread 0x0000000021356000 Uncommon trap: reason=predicate action=maybe_recompile pc=0x00000000041831a8 method=org.springframework.boot.context.properties.source.ConfigurationPropertyName.fastElementEquals(Lorg/springframework/boot/context/properties/source/ConfigurationPropertyNam
Event: 9.157 Thread 0x0000000021356000 Uncommon trap: reason=class_check action=maybe_recompile pc=0x0000000003901458 method=org.springframework.boot.context.properties.source.ConfigurationPropertyName$Elements.charAt(II)C @ 43
Event: 9.157 Thread 0x0000000021356000 Uncommon trap: reason=class_check action=maybe_recompile pc=0x0000000003901458 method=org.springframework.boot.context.properties.source.ConfigurationPropertyName$Elements.charAt(II)C @ 43
Event: 9.157 Thread 0x0000000021356000 Uncommon trap: reason=class_check action=maybe_recompile pc=0x0000000003901458 method=org.springframework.boot.context.properties.source.ConfigurationPropertyName$Elements.charAt(II)C @ 43
Event: 9.169 Thread 0x0000000021356000 Uncommon trap: reason=unstable_if action=reinterpret pc=0x0000000004509530 method=org.springframework.core.annotation.TypeMappedAnnotations$MergedAnnotationFinder.doWithAnnotations(Ljava/lang/Object;ILjava/lang/Object;[Ljava/lang/annotation/Annotation;)Lo
Event: 20.883 Thread 0x0000000026a54000 Uncommon trap: reason=predicate action=maybe_recompile pc=0x0000000003ebceac method=java.lang.String.regionMatches(ZILjava/lang/String;II)Z @ 63

Classes redefined (0 events):
No events

Internal exceptions (10 events):
Event: 8.748 Thread 0x0000000021356000 Exception <a 'java/lang/ClassNotFoundException': java/lang/ObjectCustomizer> (0x000000076f3a9d70) thrown at [C:\jenkins\workspace\8-2-build-windows-amd64-cygwin\jdk8u251\737\hotspot\src\share\vm\classfile\systemDictionary.cpp, line 210]
Event: 8.749 Thread 0x0000000021356000 Exception <a 'java/lang/ClassNotFoundException': org/springframework/web/socket/config/annotation/WebSocketConfigurationSupportCustomizer> (0x000000076f3cd7a0) thrown at [C:\jenkins\workspace\8-2-build-windows-amd64-cygwin\jdk8u251\737\hotspot\src\share\v
Event: 8.749 Thread 0x0000000021356000 Exception <a 'java/lang/ClassNotFoundException': org/springframework/web/socket/config/annotation/DelegatingWebSocketConfigurationCustomizer> (0x000000076f3f0cd0) thrown at [C:\jenkins\workspace\8-2-build-windows-amd64-cygwin\jdk8u251\737\hotspot\src\shar
Event: 8.751 Thread 0x0000000021356000 Exception <a 'java/lang/ClassNotFoundException': org/springframework/web/socket/config/annotation/DelegatingWebSocketConfiguration$$EnhancerBySpringCGLIB$$f10e60a0Customizer> (0x000000076f42d510) thrown at [C:\jenkins\workspace\8-2-build-windows-amd64-cyg
Event: 8.751 Thread 0x0000000021356000 Exception <a 'java/lang/ClassNotFoundException': org/springframework/context/annotation/ConfigurationClassEnhancer$EnhancedConfigurationCustomizer> (0x000000076f459db8) thrown at [C:\jenkins\workspace\8-2-build-windows-amd64-cygwin\jdk8u251\737\hotspot\sr
Event: 8.752 Thread 0x0000000021356000 Exception <a 'java/lang/ClassNotFoundException': org/springframework/beans/factory/BeanFactoryAwareCustomizer> (0x000000076f4724c8) thrown at [C:\jenkins\workspace\8-2-build-windows-amd64-cygwin\jdk8u251\737\hotspot\src\share\vm\classfile\systemDictionary
Event: 8.752 Thread 0x0000000021356000 Exception <a 'java/lang/ClassNotFoundException': org/springframework/beans/factory/AwareCustomizer> (0x000000076f488cc0) thrown at [C:\jenkins\workspace\8-2-build-windows-amd64-cygwin\jdk8u251\737\hotspot\src\share\vm\classfile\systemDictionary.cpp, line 
Event: 8.772 Thread 0x0000000021356000 Exception <a 'java/lang/NoSuchMethodError': java.lang.Object.lambda$byAnnotation$0(Ljava/lang/Class;Ljava/lang/Class;)Z> (0x000000076f617e90) thrown at [C:\jenkins\workspace\8-2-build-windows-amd64-cygwin\jdk8u251\737\hotspot\src\share\vm\interpreter\link
Event: 9.060 Thread 0x0000000021356000 Exception <a 'java/lang/IncompatibleClassChangeError': Found class java.lang.Object, but interface was expected> (0x0000000770bebb18) thrown at [C:\jenkins\workspace\8-2-build-windows-amd64-cygwin\jdk8u251\737\hotspot\src\share\vm\interpreter\linkResolver
Event: 9.271 Thread 0x0000000021356000 Exception <a 'java/net/BindException': Address already in use: JVM_Bind> (0x0000000771cdd898) thrown at [C:\jenkins\workspace\8-2-build-windows-amd64-cygwin\jdk8u251\737\hotspot\src\share\vm\prims\jni.cpp, line 736]

Events (10 events):
Event: 21.046 loading class org/unbescape/html/Html4EscapeSymbolsInitializer
Event: 21.046 loading class org/unbescape/html/Html4EscapeSymbolsInitializer done
Event: 21.047 loading class org/unbescape/html/HtmlEscapeSymbols$References
Event: 21.047 loading class org/unbescape/html/HtmlEscapeSymbols$References done
Event: 21.047 loading class org/unbescape/html/HtmlEscapeSymbols$Reference
Event: 21.047 loading class org/unbescape/html/HtmlEscapeSymbols$Reference done
Event: 21.048 loading class org/unbescape/html/HtmlEscapeSymbols$1
Event: 21.048 loading class org/unbescape/html/HtmlEscapeSymbols$1 done
Event: 21.054 loading class org/unbescape/html/Html5EscapeSymbolsInitializer
Event: 21.054 loading class org/unbescape/html/Html5EscapeSymbolsInitializer done


Dynamic libraries:
0x00007ff7b70c0000 - 0x00007ff7b70f7000 	C:\Program Files\Java\jdk1.8.0_251\bin\java.exe
0x00007fffb83b0000 - 0x00007fffb85a5000 	C:\WINDOWS\SYSTEM32\ntdll.dll
0x00007fffb7d10000 - 0x00007fffb7dcd000 	C:\WINDOWS\System32\KERNEL32.DLL
0x00007fffb5dc0000 - 0x00007fffb6088000 	C:\WINDOWS\System32\KERNELBASE.dll
0x00007fffb7f60000 - 0x00007fffb800c000 	C:\WINDOWS\System32\ADVAPI32.dll
0x00007fffb7660000 - 0x00007fffb76fe000 	C:\WINDOWS\System32\msvcrt.dll
0x00007fffb7ae0000 - 0x00007fffb7b7b000 	C:\WINDOWS\System32\sechost.dll
0x00007fffb7710000 - 0x00007fffb783b000 	C:\WINDOWS\System32\RPCRT4.dll
0x00007fffb73f0000 - 0x00007fffb7590000 	C:\WINDOWS\System32\USER32.dll
0x00007fffb5c00000 - 0x00007fffb5c22000 	C:\WINDOWS\System32\win32u.dll
0x00007fffb6f50000 - 0x00007fffb6f7a000 	C:\WINDOWS\System32\GDI32.dll
0x00007fffb5af0000 - 0x00007fffb5bfb000 	C:\WINDOWS\System32\gdi32full.dll
0x00007fffb6280000 - 0x00007fffb631d000 	C:\WINDOWS\System32\msvcp_win.dll
0x00007fffb6320000 - 0x00007fffb6420000 	C:\WINDOWS\System32\ucrtbase.dll
0x00007fff9dfd0000 - 0x00007fff9e26a000 	C:\WINDOWS\WinSxS\amd64_microsoft.windows.common-controls_6595b64144ccf1df_6.0.19041.1052_none_60b8f8fd71f5e8cb\COMCTL32.dll
0x00007fffb7be0000 - 0x00007fffb7c10000 	C:\WINDOWS\System32\IMM32.DLL
0x0000000066d30000 - 0x0000000066e02000 	C:\Program Files\Java\jdk1.8.0_251\jre\bin\msvcr100.dll
0x0000000066480000 - 0x0000000066d2b000 	C:\Program Files\Java\jdk1.8.0_251\jre\bin\server\jvm.dll
0x00007fffb6be0000 - 0x00007fffb6be8000 	C:\WINDOWS\System32\PSAPI.DLL
0x00007fff9e800000 - 0x00007fff9e809000 	C:\WINDOWS\SYSTEM32\WSOCK32.dll
0x00007fffae1b0000 - 0x00007fffae1ba000 	C:\WINDOWS\SYSTEM32\VERSION.dll
0x00007fffb7a10000 - 0x00007fffb7a7b000 	C:\WINDOWS\System32\WS2_32.dll
0x00007fff9e5a0000 - 0x00007fff9e5c7000 	C:\WINDOWS\SYSTEM32\WINMM.dll
0x00007fffb0690000 - 0x00007fffb069f000 	C:\Program Files\Java\jdk1.8.0_251\jre\bin\verify.dll
0x00007fffa4800000 - 0x00007fffa4829000 	C:\Program Files\Java\jdk1.8.0_251\jre\bin\java.dll
0x00007fffb0640000 - 0x00007fffb0656000 	C:\Program Files\Java\jdk1.8.0_251\jre\bin\zip.dll
0x00007fffb6420000 - 0x00007fffb6b5f000 	C:\WINDOWS\System32\SHELL32.dll
0x00007fffb3c40000 - 0x00007fffb43d0000 	C:\WINDOWS\SYSTEM32\windows.storage.dll
0x00007fffb6bf0000 - 0x00007fffb6f45000 	C:\WINDOWS\System32\combase.dll
0x00007fffb5560000 - 0x00007fffb558c000 	C:\WINDOWS\SYSTEM32\Wldp.dll
0x00007fffb8010000 - 0x00007fffb80be000 	C:\WINDOWS\System32\SHCORE.dll
0x00007fffb7dd0000 - 0x00007fffb7e25000 	C:\WINDOWS\System32\shlwapi.dll
0x00007fffb5a30000 - 0x00007fffb5a4f000 	C:\WINDOWS\SYSTEM32\profapi.dll
0x00007fffa4de0000 - 0x00007fffa4ded000 	C:\Program Files\Java\jdk1.8.0_251\jre\bin\management.dll
0x00007fffabf20000 - 0x00007fffabf3a000 	C:\Program Files\Java\jdk1.8.0_251\jre\bin\net.dll
0x00007fffb52d0000 - 0x00007fffb533a000 	C:\WINDOWS\system32\mswsock.dll
0x00007fff8aa50000 - 0x00007fff8aa67000 	C:\WINDOWS\system32\napinsp.dll
0x00007fff845d0000 - 0x00007fff845eb000 	C:\WINDOWS\system32\pnrpnsp.dll
0x00007fffafdb0000 - 0x00007fffafdc5000 	C:\WINDOWS\system32\wshbth.dll
0x00007fffb15a0000 - 0x00007fffb15bd000 	C:\WINDOWS\system32\NLAapi.dll
0x00007fffb4f70000 - 0x00007fffb4fab000 	C:\WINDOWS\SYSTEM32\IPHLPAPI.DLL
0x00007fffb4fb0000 - 0x00007fffb507c000 	C:\WINDOWS\SYSTEM32\DNSAPI.dll
0x00007fffb7ca0000 - 0x00007fffb7ca8000 	C:\WINDOWS\System32\NSI.dll
0x00007fff82ba0000 - 0x00007fff82bb2000 	C:\WINDOWS\System32\winrnr.dll
0x00007fffa4fb0000 - 0x00007fffa4fba000 	C:\Windows\System32\rasadhlp.dll
0x00007fffa4fc0000 - 0x00007fffa503f000 	C:\WINDOWS\System32\fwpuclnt.dll
0x00007fffb6250000 - 0x00007fffb6277000 	C:\WINDOWS\System32\bcrypt.dll
0x00007fffa4780000 - 0x00007fffa4792000 	C:\Program Files\Java\jdk1.8.0_251\jre\bin\nio.dll
0x00007fffb54a0000 - 0x00007fffb54b8000 	C:\WINDOWS\SYSTEM32\CRYPTSP.dll
0x00007fffb4c00000 - 0x00007fffb4c34000 	C:\WINDOWS\system32\rsaenh.dll
0x00007fffb59f0000 - 0x00007fffb5a1e000 	C:\WINDOWS\SYSTEM32\USERENV.dll
0x00007fffb5ce0000 - 0x00007fffb5d63000 	C:\WINDOWS\System32\bcryptprimitives.dll
0x00007fffb54c0000 - 0x00007fffb54cc000 	C:\WINDOWS\SYSTEM32\CRYPTBASE.dll
0x00007fffae010000 - 0x00007fffae027000 	C:\WINDOWS\SYSTEM32\dhcpcsvc6.DLL
0x00007fffae060000 - 0x00007fffae07d000 	C:\WINDOWS\SYSTEM32\dhcpcsvc.DLL
0x00007fffa3a00000 - 0x00007fffa3a24000 	C:\Program Files\Java\jdk1.8.0_251\jre\bin\sunec.dll
0x00007fffa4dc0000 - 0x00007fffa4dcc000 	C:\Program Files\Java\jdk1.8.0_251\jre\bin\sunmscapi.dll
0x00007fffb60f0000 - 0x00007fffb624f000 	C:\WINDOWS\System32\CRYPT32.dll
0x00007fffb55d0000 - 0x00007fffb55f7000 	C:\WINDOWS\SYSTEM32\ncrypt.dll
0x00007fffb5590000 - 0x00007fffb55cb000 	C:\WINDOWS\SYSTEM32\NTASN1.dll

VM Arguments:
java_command: com.abc.WebApp2.WebApp2Application
java_class_path (initial): D:\CloneSWP\Mentor-Finder\Mentor Finder\target\classes;C:\Users\Acer\.m2\repository\org\springframework\boot\spring-boot-starter-websocket\2.5.0\spring-boot-starter-websocket-2.5.0.jar;C:\Users\Acer\.m2\repository\org\webjars\bootstrap\4.0.0-2\bootstrap-4.0.0-2.jar;C:\Users\Acer\.m2\repository\org\webjars\jquery\3.0.0\jquery-3.0.0.jar;C:\Users\Acer\.m2\repository\org\webjars\popper.js\1.12.9-1\popper.js-1.12.9-1.jar;C:\Users\Acer\.m2\repository\org\springframework\boot\spring-boot-starter-data-jpa\2.5.0\spring-boot-starter-data-jpa-2.5.0.jar;C:\Users\Acer\.m2\repository\org\springframework\boot\spring-boot-starter-aop\2.5.0\spring-boot-starter-aop-2.5.0.jar;C:\Users\Acer\.m2\repository\org\aspectj\aspectjweaver\1.9.6\aspectjweaver-1.9.6.jar;C:\Users\Acer\.m2\repository\org\springframework\boot\spring-boot-starter-jdbc\2.5.0\spring-boot-starter-jdbc-2.5.0.jar;C:\Users\Acer\.m2\repository\com\zaxxer\HikariCP\4.0.3\HikariCP-4.0.3.jar;C:\Users\Acer\.m2\repository\org\springframework\spring-jdbc\5.3.7\spring-jdbc-5.3.7.jar;C:\Users\Acer\.m2\repository\jakarta\transaction\jakarta.transaction-api\1.3.3\jakarta.transaction-api-1.3.3.jar;C:\Users\Acer\.m2\repository\jakarta\persistence\jakarta.persistence-api\2.2.3\jakarta.persistence-api-2.2.3.jar;C:\Users\Acer\.m2\repository\org\hibernate\hibernate-core\5.4.31.Final\hibernate-core-5.4.31.Final.jar;C:\Users\Acer\.m2\repository\org\javassist\javassist\3.27.0-GA\javassist-3.27.0-GA.jar;C:\Users\Acer\.m2\repository\net\bytebuddy\byte-buddy\1.10.22\byte-buddy-1.10.22.jar;C:\Users\Acer\.m2\repository\antlr\antlr\2.7.7\antlr-2.7.7.jar;C:\Users\Acer\.m2\repository\org\jboss\jandex\2.2.3.Final\jandex-2.2.3.Final.jar;C:\Users\Acer\.m2\repository\com\fasterxml\classmate\1.5.1\classmate-1.5.1.jar;C:\Users\Acer\.m2\repository\org\dom4j\dom4j\2.1.3\dom4j-2.1.3.jar;C:\Users\Acer\.m2\repository\org\hibernate\common\hibernate-commons-annotations\5.1.2.Final\hibernate-commons-annotations-5.1.2.Final.jar;C:\Users
Launcher Type: SUN_STANDARD

Environment Variables:
JAVA_HOME=C:\Program Files\Java\jdk1.8.0_251
PATH=C:\Program Files (x86)\Common Files\Oracle\Java\javapath;C:\Windows\system32;C:\Windows;C:\Windows\System32\Wbem;C:\Windows\System32\WindowsPowerShell\v1.0\;C:\Windows\System32\OpenSSH\;C:\Program Files (x86)\Intel\Intel(R) Management Engine Components\DAL;C:\Program Files\Intel\Intel(R) Management Engine Components\DAL;C:\Program Files\NVIDIA Corporation\NVIDIA NGX;C:\Program Files (x86)\NVIDIA Corporation\PhysX\Common;C:\Program Files\NVIDIA Corporation\NVIDIA NvDLISR;C:\WINDOWS\system32;C:\WINDOWS;C:\WINDOWS\System32\Wbem;C:\WINDOWS\System32\WindowsPowerShell\v1.0\;C:\WINDOWS\System32\OpenSSH\;C:\Program Files\Java\jdk1.8.0_251\bin;C:\Program Files\Microsoft SQL Server\Client SDK\ODBC\110\Tools\Binn\;C:\Program Files (x86)\Microsoft SQL Server\120\Tools\Binn\;C:\Program Files\Microsoft SQL Server\120\Tools\Binn\;C:\Program Files\Microsoft SQL Server\120\DTS\Binn\;C:\Program Files (x86)\Microsoft SQL Server\120\Tools\Binn\ManagementStudio\;C:\Program Files (x86)\Microsoft SQL Server\120\DTS\Binn\;C:\Program Files\dotnet\;C:\Program Files\Microsoft SQL Server\130\Tools\Binn\;C:\Program Files\Microsoft SQL Server\Client SDK\ODBC\170\Tools\Binn\;D:\Git\cmd;C:\Program Files (x86)\dotnet\;C:\Users\Acer\AppData\Local\Programs\Python\Python38\Scripts\;C:\Users\Acer\AppData\Local\Programs\Python\Python38\;C:\Users\Acer\AppData\Local\Microsoft\WindowsApps;C:\Users\Acer\AppData\Local\Programs\Microsoft VS Code\bin;C:\Program Files (x86)\Dev-Cpp\MinGW64\bin;C:\Users\Acer\.dotnet\tools
USERNAME=Acer
OS=Windows_NT
PROCESSOR_IDENTIFIER=Intel64 Family 6 Model 158 Stepping 10, GenuineIntel



---------------  S Y S T E M  ---------------

OS: Windows 10.0 , 64 bit Build 19041 (10.0.19041.1023)

CPU:total 12 (initial active 12) (6 cores per cpu, 2 threads per core) family 6 model 158 stepping 10, cmov, cx8, fxsr, mmx, sse, sse2, sse3, ssse3, sse4.1, sse4.2, popcnt, avx, avx2, aes, clmul, erms, 3dnowpref, lzcnt, ht, tsc, tscinvbit, bmi1, bmi2, adx

Memory: 4k page, physical 16621812k(2653800k free), swap 31093104k(3128k free)

vm_info: Java HotSpot(TM) 64-Bit Server VM (25.251-b08) for windows-amd64 JRE (1.8.0_251-b08), built on Mar 12 2020 06:31:49 by "" with MS VC++ 10.0 (VS2010)

time: Thu Jun 24 17:09:20 2021
timezone: SE Asia Standard Time
elapsed time: 21 seconds (0d 0h 0m 21s)

